[0;32m================================================================[0m
[0;32m  🌐 HABILITANDO ACCESO DESDE RED LOCAL[0m
[0;32m  Sistema de Historia Clínica Distribuida[0m
[0;32m================================================================[0m


[1;33m[PASO 1/8][0m [0;36mVerificando requisitos previos[0m
[0;32m✓[0m Minikube instalado
[0;32m✓[0m kubectl instalado
[0;32m✓[0m Minikube corriendo

[1;33m[PASO 2/8][0m [0;36mVerificando namespace y pods[0m
[0;32m✓[0m Namespace verificado
[0;32m✓[0m Pods del middleware: 1

[1;33m[PASO 3/8][0m [0;36mDeteniendo port-forwards existentes[0m
[0;32m✓[0m Port-forwards detenidos

[1;33m[PASO 4/8][0m [0;36mAplicando configuración NodePort[0m
[0;34mℹ[0m Archivo: infra/app-deployment-nodeport.yaml
deployment.apps "middleware-citus" deleted from citus namespace
service "middleware-citus-service" deleted from citus namespace
deployment.apps/middleware-citus created
service/middleware-citus-service created
[0;32m✓[0m Configuración aplicada

[1;33m[PASO 5/8][0m [0;36mEsperando a que los pods estén listos[0m
⏳ Esperando pods (máximo 120 segundos)...
pod/middleware-citus-7f6896b9fd-ht6jn condition met
[0;32m✓[0m Pods listos

[1;33m[PASO 6/8][0m [0;36mObteniendo información de acceso[0m
[0;34mℹ[0m IP de Minikube: 192.168.49.2
[0;34mℹ[0m NodePort asignado: 30800

[1;33m[PASO 7/8][0m [0;36mProbando conectividad[0m
⏳ Esperando 5 segundos para que el servicio esté listo...
[0;34mℹ[0m Test 1: Health check...
[0;32m✓[0m Health check OK
[0;34mℹ[0m Test 2: Root endpoint...
[0;32m✓[0m Root endpoint OK

[1;33m[PASO 8/8][0m [0;36mInformación de acceso[0m

[0;32m================================================================[0m
[0;32m  ✓ NodePort CONFIGURADO EXITOSAMENTE[0m
[0;32m================================================================[0m

[0;36m📡 ACCESO DESDE RED LOCAL:[0m
  [0;35mBase URL:[0m     [1;33mhttp://192.168.49.2:30800[0m
  [0;35mHealth:[0m       [1;33mhttp://192.168.49.2:30800/health[0m
  [0;35mSwagger UI:[0m   [1;33mhttp://192.168.49.2:30800/docs[0m
  [0;35mReDoc:[0m        [1;33mhttp://192.168.49.2:30800/redoc[0m

[0;36m🧪 PROBAR LA API:[0m
  [1;33m# Health check[0m
  curl http://192.168.49.2:30800/health

  [1;33m# Obtener token[0m
  curl -X POST http://192.168.49.2:30800/token \
    -H 'Content-Type: application/json' \
    -d '{"username":"admin","password":"admin"}'

  [1;33m# Listar pacientes (requiere token)[0m
  TOKEN="tu_token_aqui"
  curl http://192.168.49.2:30800/pacientes \
    -H "Authorization: Bearer $TOKEN"

[0;36m📱 ACCESO DESDE OTROS DISPOSITIVOS:[0m
  [0;35mSmartphone:[0m   Abre el navegador y ve a [1;33mhttp://192.168.49.2:30800/docs[0m
  [0;35mTablet:[0m       Misma URL desde cualquier dispositivo en la red
  [0;35mOtra PC:[0m      Acceso directo sin configuración adicional

[0;36m💡 IMPORTANTE:[0m
  [1;33m⚠[0m  Estás usando Docker driver. Si no puedes acceder:
      [0;35m1.[0m En otra terminal ejecuta: [1;33mminikube tunnel[0m
      [0;35m2.[0m Mantén esa terminal abierta mientras uses el sistema

[0;36m🔧 COMANDOS ÚTILES:[0m
  [1;33mVer logs:[0m        kubectl logs -n citus -l app=middleware-citus -f
  [1;33mVer pods:[0m        kubectl get pods -n citus
  [1;33mVer servicios:[0m   kubectl get svc -n citus
  [1;33mReiniciar pod:[0m   kubectl delete pod -n citus -l app=middleware-citus

[0;36m📖 USUARIOS DE PRUEBA:[0m
  [0;32mAdmin:[0m       admin / admin
  [0;32mMédico:[0m      dr_rodriguez / password123
  [0;32mPaciente:[0m    paciente_juan / password123 (doc: 12345)

[0;32m¡Sistema accesible desde toda la red local![0m

[0;34mℹ[0m Información guardada en: [1;33mnodeport_info.txt[0m
